[debug] [2021-09-02T13:30:41.944Z] ----------------------------------------------------------------------
[debug] [2021-09-02T13:30:41.957Z] Command:       C:\Program Files\nodejs\node.exe C:\Users\amam1\AppData\Roaming\npm\node_modules\firebase-tools\lib\bin\firebase.js init
[debug] [2021-09-02T13:30:41.961Z] CLI Version:   9.17.0
[debug] [2021-09-02T13:30:41.961Z] Platform:      win32
[debug] [2021-09-02T13:30:41.962Z] Node Version:  v14.17.0
[debug] [2021-09-02T13:30:41.967Z] Time:          Thu Sep 02 2021 19:00:41 GMT+0530 (India Standard Time)
[debug] [2021-09-02T13:30:41.968Z] ----------------------------------------------------------------------
[debug] 
[debug] [2021-09-02T13:30:42.264Z] > command requires scopes: ["email","openid","https://www.googleapis.com/auth/cloudplatformprojects.readonly","https://www.googleapis.com/auth/firebase","https://www.googleapis.com/auth/cloud-platform"]
[debug] [2021-09-02T13:30:42.264Z] > authorizing via signed-in user (aman.sharma@calidig.com)
[info] 
     ######## #### ########  ######## ########     ###     ######  ########
     ##        ##  ##     ## ##       ##     ##  ##   ##  ##       ##
     ######    ##  ########  ######   ########  #########  ######  ######
     ##        ##  ##    ##  ##       ##     ## ##     ##       ## ##
     ##       #### ##     ## ######## ########  ##     ##  ######  ########

You're about to initialize a Firebase project in this directory:

  E:\new-admin

Before we get started, keep in mind:

  * You are initializing within an existing Firebase project directory

[info] 
=== Project Setup
[info] 
[info] First, let's associate this project directory with a Firebase project.
[info] You can create multiple project aliases by running firebase use --add, 
[info] but for now we'll just set up a default project.
[info] 
[info] i  .firebaserc already has a default project, using leave-management-portal-2eca3. 
[debug] [2021-09-02T13:35:40.943Z] > refreshing access token with scopes: []
[debug] [2021-09-02T13:35:40.944Z] >>> HTTP REQUEST POST https://www.googleapis.com/oauth2/v3/token  
 <request body omitted>
[debug] [2021-09-02T13:35:41.520Z] <<< HTTP RESPONSE 200 {"pragma":"no-cache","date":"Thu, 02 Sep 2021 13:35:42 GMT","expires":"Mon, 01 Jan 1990 00:00:00 GMT","cache-control":"no-cache, no-store, max-age=0, must-revalidate","content-type":"application/json; charset=utf-8","vary":"X-Origin, Referer, Origin,Accept-Encoding","server":"scaffolding on HTTPServer2","x-xss-protection":"0","x-frame-options":"SAMEORIGIN","x-content-type-options":"nosniff","alt-svc":"h3=\":443\"; ma=2592000,h3-29=\":443\"; ma=2592000,h3-T051=\":443\"; ma=2592000,h3-Q050=\":443\"; ma=2592000,h3-Q046=\":443\"; ma=2592000,h3-Q043=\":443\"; ma=2592000,quic=\":443\"; ma=2592000; v=\"46,43\"","accept-ranges":"none","transfer-encoding":"chunked"}
[debug] [2021-09-02T13:35:41.713Z] >>> [apiv2][query] GET https://firebase.googleapis.com/v1beta1/projects/leave-management-portal-2eca3 [none]
[debug] [2021-09-02T13:35:42.617Z] <<< [apiv2][status] GET https://firebase.googleapis.com/v1beta1/projects/leave-management-portal-2eca3 200
[debug] [2021-09-02T13:35:42.618Z] <<< [apiv2][body] GET https://firebase.googleapis.com/v1beta1/projects/leave-management-portal-2eca3 {"projectId":"leave-management-portal-2eca3","projectNumber":"972412231390","displayName":"Leave-Management-portal","name":"projects/leave-management-portal-2eca3","resources":{"hostingSite":"leave-management-portal-2eca3","realtimeDatabaseInstance":"leave-management-portal-2eca3-default-rtdb","storageBucket":"leave-management-portal-2eca3.appspot.com","locationId":"us-central"},"state":"ACTIVE"}
[info] 
=== Hosting Setup
[info] 
[info] Your public directory is the folder (relative to your project directory) that
[info] will contain Hosting assets to be uploaded with firebase deploy. If you
[info] have a build process for your assets, use your build's output directory.
[info] 
